<?xml version="1.0" encoding="UTF-8"?>
<!-- Generated by org.testng.reporters.JUnitXMLReporter -->
<testsuite hostname="manju-PC" name="Test" tests="4" failures="0" timestamp="7 Oct 2018 17:26:16 GMT" time="0.155" errors="0">
  <testcase name="add" time="0.055" classname="TestNGOne.AAA"/>
  <testcase name="Tamil" time="0.006" classname="TestNGOne.BBB"/>
  <testcase name="test3" time="0.006" classname="TestNGOne.Employee"/>
  <testcase name="test4" time="0.002" classname="TestNGOne.Employee"/>
</testsuite> <!-- Test -->
