<?xml version="1.0" encoding="UTF-8"?>
<testng-results skipped="0" failed="0" total="1" passed="1">
  <reporter-output>
  </reporter-output>
  <suite name="Default suite" duration-ms="24703" started-at="2018-12-10T17:26:05Z" finished-at="2018-12-10T17:26:29Z">
    <groups>
    </groups>
    <test name="Default test" duration-ms="24703" started-at="2018-12-10T17:26:05Z" finished-at="2018-12-10T17:26:29Z">
      <class name="kExecutionFmwk.driverScript">
        <test-method status="PASS" signature="validCredential()[pri:0, instance:kExecutionFmwk.driverScript@1b604f19]" name="validCredential" duration-ms="24659" started-at="2018-12-10T22:56:05Z" finished-at="2018-12-10T22:56:29Z">
          <reporter-output>
          </reporter-output>
        </test-method> <!-- validCredential -->
      </class> <!-- kExecutionFmwk.driverScript -->
    </test> <!-- Default test -->
  </suite> <!-- Default suite -->
</testng-results>
